2025-12-01 15:53:07, MOVE, v:1, k:poo@agenda, mode:PICK
2025-12-01 15:53:10, EXEC, v:1, k:poo@agenda, mode:FULL, rate:0
2025-12-01 15:53:16, MOVE, v:1, k:poo@agenda, mode:BACK
2025-12-01 15:54:49, MOVE, v:1, k:poo@zoo, mode:DOWN
2025-12-01 15:56:37, MOVE, v:1, k:poo@agenda, mode:PICK
2025-12-01 15:56:41, EXEC, v:1, k:poo@agenda, mode:FULL, rate:0
2025-12-01 15:56:54, MOVE, v:1, k:poo@agenda, mode:BACK
2025-12-01 16:34:29, MOVE, v:1, k:poo@agenda, mode:PICK
2025-12-01 16:34:32, EXEC, v:1, k:poo@agenda, mode:FULL, rate:0
2025-12-01 16:34:34, EXEC, v:1, k:poo@agenda, mode:FULL, rate:0
2025-12-01 16:34:34, MOVE, v:1, k:poo@agenda, mode:BACK
2025-12-01 16:51:51, MOVE, v:1, k:poo@agenda, mode:PICK
2025-12-01 16:51:53, EXEC, v:1, k:poo@agenda, mode:FULL, rate:0
2025-12-01 16:51:54, MOVE, v:1, k:poo@agenda, mode:BACK
2025-12-01 16:52:02, MOVE, v:1, k:poo@zoo, mode:PICK
2025-12-01 16:52:04, EXEC, v:1, k:poo@zoo, mode:LOCK, rate:0, size:25
2025-12-01 17:06:58, EXEC, v:1, k:poo@zoo, mode:LOCK, rate:100, size:58
2025-12-01 17:07:01, MOVE, v:1, k:poo@zoo, mode:BACK
2025-12-01 17:08:15, MOVE, v:1, k:poo@agenda, mode:PICK
2025-12-01 17:08:19, EXEC, v:1, k:poo@agenda, mode:FULL, rate:0
